Analysis & Synthesis report for Processador
Wed Jun 17 19:13:05 2026
Quartus II 64-Bit Version 13.0.1 Build 232 06/12/2013 Service Pack 1 SJ Web Edition


---------------------
; Table of Contents ;
---------------------
  1. Legal Notice
  2. Analysis & Synthesis Summary
  3. Analysis & Synthesis Settings
  4. Parallel Compilation
  5. Port Connectivity Checks: "ControlUnit:u_ctrl|FlipFlopD:u2"
  6. Port Connectivity Checks: "ControlUnit:u_ctrl|FlipFlopD:u1"
  7. Port Connectivity Checks: "ControlUnit:u_ctrl|FlipFlopD:u0"
  8. Port Connectivity Checks: "ControlUnit:u_ctrl"
  9. Port Connectivity Checks: "datapath:u_dp|Comparador16Bits:u_cmp|Comparador:st15"
 10. Port Connectivity Checks: "datapath:u_dp|Comparador16Bits:u_cmp"
 11. Port Connectivity Checks: "datapath:u_dp|ULA:u_alu|Adder16Bit:u_add|FullAdder:U7"
 12. Port Connectivity Checks: "datapath:u_dp|ULA:u_alu"
 13. Port Connectivity Checks: "datapath:u_dp"
 14. Analysis & Synthesis Messages



----------------
; Legal Notice ;
----------------
Copyright (C) 1991-2013 Altera Corporation
Your use of Altera Corporation's design tools, logic functions 
and other software and tools, and its AMPP partner logic 
functions, and any output files from any of the foregoing 
(including device programming or simulation files), and any 
associated documentation or information are expressly subject 
to the terms and conditions of the Altera Program License 
Subscription Agreement, Altera MegaCore Function License 
Agreement, or other applicable license agreement, including, 
without limitation, that your use is for the sole purpose of 
programming logic devices manufactured by Altera and sold by 
Altera or its authorized distributors.  Please refer to the 
applicable agreement for further details.



+--------------------------------------------------------------------------------------+
; Analysis & Synthesis Summary                                                         ;
+------------------------------------+-------------------------------------------------+
; Analysis & Synthesis Status        ; Failed - Wed Jun 17 19:13:05 2026               ;
; Quartus II 64-Bit Version          ; 13.0.1 Build 232 06/12/2013 SP 1 SJ Web Edition ;
; Revision Name                      ; Processador                                     ;
; Top-level Entity Name              ; Processador                                     ;
; Family                             ; Cyclone II                                      ;
; Total logic elements               ; N/A until Partition Merge                       ;
;     Total combinational functions  ; N/A until Partition Merge                       ;
;     Dedicated logic registers      ; N/A until Partition Merge                       ;
; Total registers                    ; N/A until Partition Merge                       ;
; Total pins                         ; N/A until Partition Merge                       ;
; Total virtual pins                 ; N/A until Partition Merge                       ;
; Total memory bits                  ; N/A until Partition Merge                       ;
; Embedded Multiplier 9-bit elements ; N/A until Partition Merge                       ;
; Total PLLs                         ; N/A until Partition Merge                       ;
+------------------------------------+-------------------------------------------------+


+----------------------------------------------------------------------------------------------------------------------+
; Analysis & Synthesis Settings                                                                                        ;
+----------------------------------------------------------------------------+--------------------+--------------------+
; Option                                                                     ; Setting            ; Default Value      ;
+----------------------------------------------------------------------------+--------------------+--------------------+
; Device                                                                     ; EP2C35F672C6       ;                    ;
; Top-level entity name                                                      ; Processador        ; Processador        ;
; Family name                                                                ; Cyclone II         ; Cyclone IV GX      ;
; Use smart compilation                                                      ; Off                ; Off                ;
; Enable parallel Assembler and TimeQuest Timing Analyzer during compilation ; On                 ; On                 ;
; Enable compact report table                                                ; Off                ; Off                ;
; Restructure Multiplexers                                                   ; Auto               ; Auto               ;
; Create Debugging Nodes for IP Cores                                        ; Off                ; Off                ;
; Preserve fewer node names                                                  ; On                 ; On                 ;
; Disable OpenCore Plus hardware evaluation                                  ; Off                ; Off                ;
; Verilog Version                                                            ; Verilog_2001       ; Verilog_2001       ;
; VHDL Version                                                               ; VHDL_1993          ; VHDL_1993          ;
; State Machine Processing                                                   ; Auto               ; Auto               ;
; Safe State Machine                                                         ; Off                ; Off                ;
; Extract Verilog State Machines                                             ; On                 ; On                 ;
; Extract VHDL State Machines                                                ; On                 ; On                 ;
; Ignore Verilog initial constructs                                          ; Off                ; Off                ;
; Iteration limit for constant Verilog loops                                 ; 5000               ; 5000               ;
; Iteration limit for non-constant Verilog loops                             ; 250                ; 250                ;
; Add Pass-Through Logic to Inferred RAMs                                    ; On                 ; On                 ;
; Infer RAMs from Raw Logic                                                  ; On                 ; On                 ;
; Parallel Synthesis                                                         ; On                 ; On                 ;
; DSP Block Balancing                                                        ; Auto               ; Auto               ;
; NOT Gate Push-Back                                                         ; On                 ; On                 ;
; Power-Up Don't Care                                                        ; On                 ; On                 ;
; Remove Redundant Logic Cells                                               ; Off                ; Off                ;
; Remove Duplicate Registers                                                 ; On                 ; On                 ;
; Ignore CARRY Buffers                                                       ; Off                ; Off                ;
; Ignore CASCADE Buffers                                                     ; Off                ; Off                ;
; Ignore GLOBAL Buffers                                                      ; Off                ; Off                ;
; Ignore ROW GLOBAL Buffers                                                  ; Off                ; Off                ;
; Ignore LCELL Buffers                                                       ; Off                ; Off                ;
; Ignore SOFT Buffers                                                        ; On                 ; On                 ;
; Limit AHDL Integers to 32 Bits                                             ; Off                ; Off                ;
; Optimization Technique                                                     ; Balanced           ; Balanced           ;
; Carry Chain Length                                                         ; 70                 ; 70                 ;
; Auto Carry Chains                                                          ; On                 ; On                 ;
; Auto Open-Drain Pins                                                       ; On                 ; On                 ;
; Perform WYSIWYG Primitive Resynthesis                                      ; Off                ; Off                ;
; Auto ROM Replacement                                                       ; On                 ; On                 ;
; Auto RAM Replacement                                                       ; On                 ; On                 ;
; Auto Shift Register Replacement                                            ; Auto               ; Auto               ;
; Allow Shift Register Merging across Hierarchies                            ; Auto               ; Auto               ;
; Auto Clock Enable Replacement                                              ; On                 ; On                 ;
; Strict RAM Replacement                                                     ; Off                ; Off                ;
; Allow Synchronous Control Signals                                          ; On                 ; On                 ;
; Force Use of Synchronous Clear Signals                                     ; Off                ; Off                ;
; Auto RAM to Logic Cell Conversion                                          ; Off                ; Off                ;
; Auto Resource Sharing                                                      ; Off                ; Off                ;
; Allow Any RAM Size For Recognition                                         ; Off                ; Off                ;
; Allow Any ROM Size For Recognition                                         ; Off                ; Off                ;
; Allow Any Shift Register Size For Recognition                              ; Off                ; Off                ;
; Use LogicLock Constraints during Resource Balancing                        ; On                 ; On                 ;
; Ignore translate_off and synthesis_off directives                          ; Off                ; Off                ;
; Timing-Driven Synthesis                                                    ; Off                ; Off                ;
; Report Parameter Settings                                                  ; On                 ; On                 ;
; Report Source Assignments                                                  ; On                 ; On                 ;
; Report Connectivity Checks                                                 ; On                 ; On                 ;
; Ignore Maximum Fan-Out Assignments                                         ; Off                ; Off                ;
; Synchronization Register Chain Length                                      ; 2                  ; 2                  ;
; PowerPlay Power Optimization                                               ; Normal compilation ; Normal compilation ;
; HDL message level                                                          ; Level2             ; Level2             ;
; Suppress Register Optimization Related Messages                            ; Off                ; Off                ;
; Number of Removed Registers Reported in Synthesis Report                   ; 5000               ; 5000               ;
; Number of Swept Nodes Reported in Synthesis Report                         ; 5000               ; 5000               ;
; Number of Inverted Registers Reported in Synthesis Report                  ; 100                ; 100                ;
; Clock MUX Protection                                                       ; On                 ; On                 ;
; Auto Gated Clock Conversion                                                ; Off                ; Off                ;
; Block Design Naming                                                        ; Auto               ; Auto               ;
; SDC constraint protection                                                  ; Off                ; Off                ;
; Synthesis Effort                                                           ; Auto               ; Auto               ;
; Shift Register Replacement - Allow Asynchronous Clear Signal               ; On                 ; On                 ;
; Pre-Mapping Resynthesis Optimization                                       ; Off                ; Off                ;
; Analysis & Synthesis Message Level                                         ; Medium             ; Medium             ;
; Disable Register Merging Across Hierarchies                                ; Auto               ; Auto               ;
; Resource Aware Inference For Block RAM                                     ; On                 ; On                 ;
; Synthesis Seed                                                             ; 1                  ; 1                  ;
+----------------------------------------------------------------------------+--------------------+--------------------+


Parallel compilation was disabled, but you have multiple processors available. Enable parallel compilation to reduce compilation time.
+-------------------------------------+
; Parallel Compilation                ;
+----------------------------+--------+
; Processors                 ; Number ;
+----------------------------+--------+
; Number detected on machine ; 4      ;
; Maximum allowed            ; 1      ;
+----------------------------+--------+


+-------------------------------------------------------------+
; Port Connectivity Checks: "ControlUnit:u_ctrl|FlipFlopD:u2" ;
+------+-------+----------+-----------------------------------+
; Port ; Type  ; Severity ; Details                           ;
+------+-------+----------+-----------------------------------+
; d    ; Input ; Info     ; Stuck at GND                      ;
+------+-------+----------+-----------------------------------+


+-------------------------------------------------------------+
; Port Connectivity Checks: "ControlUnit:u_ctrl|FlipFlopD:u1" ;
+------+-------+----------+-----------------------------------+
; Port ; Type  ; Severity ; Details                           ;
+------+-------+----------+-----------------------------------+
; d    ; Input ; Info     ; Stuck at GND                      ;
+------+-------+----------+-----------------------------------+


+-------------------------------------------------------------+
; Port Connectivity Checks: "ControlUnit:u_ctrl|FlipFlopD:u0" ;
+------+-------+----------+-----------------------------------+
; Port ; Type  ; Severity ; Details                           ;
+------+-------+----------+-----------------------------------+
; d    ; Input ; Info     ; Stuck at GND                      ;
+------+-------+----------+-----------------------------------+


+-----------------------------------------------------------------------------------------------------------------------------------------------+
; Port Connectivity Checks: "ControlUnit:u_ctrl"                                                                                                ;
+-------+---------+------------------+----------------------------------------------------------------------------------------------------------+
; Port  ; Type    ; Severity         ; Details                                                                                                  ;
+-------+---------+------------------+----------------------------------------------------------------------------------------------------------+
; alu_x ; Unknown ; Critical Warning ; Named port was not declared by the instantiated entity                                                   ;
; alu_y ; Unknown ; Critical Warning ; Named port was not declared by the instantiated entity                                                   ;
; alu_z ; Unknown ; Critical Warning ; Named port was not declared by the instantiated entity                                                   ;
; ulax  ; Output  ; Warning          ; Declared by entity but not connected by instance. Logic that only feeds a dangling port will be removed. ;
; ulay  ; Output  ; Warning          ; Declared by entity but not connected by instance. Logic that only feeds a dangling port will be removed. ;
; ulaz  ; Output  ; Warning          ; Declared by entity but not connected by instance. Logic that only feeds a dangling port will be removed. ;
+-------+---------+------------------+----------------------------------------------------------------------------------------------------------+


+----------------------------------------------------------------------------------+
; Port Connectivity Checks: "datapath:u_dp|Comparador16Bits:u_cmp|Comparador:st15" ;
+-------+-------+----------+-------------------------------------------------------+
; Port  ; Type  ; Severity ; Details                                               ;
+-------+-------+----------+-------------------------------------------------------+
; in_gt ; Input ; Info     ; Stuck at GND                                          ;
; in_eq ; Input ; Info     ; Stuck at VCC                                          ;
; in_lt ; Input ; Info     ; Stuck at GND                                          ;
+-------+-------+----------+-------------------------------------------------------+


+----------------------------------------------------------------------------------------------------------------+
; Port Connectivity Checks: "datapath:u_dp|Comparador16Bits:u_cmp"                                               ;
+------+--------+----------+-------------------------------------------------------------------------------------+
; Port ; Type   ; Severity ; Details                                                                             ;
+------+--------+----------+-------------------------------------------------------------------------------------+
; a15  ; Input  ; Info     ; Stuck at GND                                                                        ;
; a14  ; Input  ; Info     ; Stuck at GND                                                                        ;
; a13  ; Input  ; Info     ; Stuck at GND                                                                        ;
; a12  ; Input  ; Info     ; Stuck at GND                                                                        ;
; a11  ; Input  ; Info     ; Stuck at GND                                                                        ;
; a10  ; Input  ; Info     ; Stuck at GND                                                                        ;
; a9   ; Input  ; Info     ; Stuck at GND                                                                        ;
; a8   ; Input  ; Info     ; Stuck at GND                                                                        ;
; a7   ; Input  ; Info     ; Stuck at GND                                                                        ;
; a6   ; Input  ; Info     ; Stuck at GND                                                                        ;
; a5   ; Input  ; Info     ; Stuck at GND                                                                        ;
; a4   ; Input  ; Info     ; Stuck at GND                                                                        ;
; a3   ; Input  ; Info     ; Stuck at GND                                                                        ;
; a2   ; Input  ; Info     ; Stuck at GND                                                                        ;
; a1   ; Input  ; Info     ; Stuck at GND                                                                        ;
; a0   ; Input  ; Info     ; Stuck at GND                                                                        ;
; b15  ; Input  ; Info     ; Stuck at GND                                                                        ;
; b14  ; Input  ; Info     ; Stuck at GND                                                                        ;
; b13  ; Input  ; Info     ; Stuck at GND                                                                        ;
; b12  ; Input  ; Info     ; Stuck at GND                                                                        ;
; b11  ; Input  ; Info     ; Stuck at GND                                                                        ;
; b10  ; Input  ; Info     ; Stuck at GND                                                                        ;
; b9   ; Input  ; Info     ; Stuck at GND                                                                        ;
; b8   ; Input  ; Info     ; Stuck at GND                                                                        ;
; b7   ; Input  ; Info     ; Stuck at GND                                                                        ;
; b6   ; Input  ; Info     ; Stuck at GND                                                                        ;
; b5   ; Input  ; Info     ; Stuck at GND                                                                        ;
; b4   ; Input  ; Info     ; Stuck at GND                                                                        ;
; b3   ; Input  ; Info     ; Stuck at GND                                                                        ;
; b2   ; Input  ; Info     ; Stuck at GND                                                                        ;
; b1   ; Input  ; Info     ; Stuck at GND                                                                        ;
; b0   ; Input  ; Info     ; Stuck at GND                                                                        ;
; agtb ; Output ; Info     ; Connected to dangling logic. Logic that only feeds a dangling port will be removed. ;
; aeqb ; Output ; Info     ; Connected to dangling logic. Logic that only feeds a dangling port will be removed. ;
; altb ; Output ; Info     ; Connected to dangling logic. Logic that only feeds a dangling port will be removed. ;
+------+--------+----------+-------------------------------------------------------------------------------------+


+----------------------------------------------------------------------------------------------------------------+
; Port Connectivity Checks: "datapath:u_dp|ULA:u_alu|Adder16Bit:u_add|FullAdder:U7"                              ;
+------+--------+----------+-------------------------------------------------------------------------------------+
; Port ; Type   ; Severity ; Details                                                                             ;
+------+--------+----------+-------------------------------------------------------------------------------------+
; cout ; Output ; Info     ; Connected to dangling logic. Logic that only feeds a dangling port will be removed. ;
+------+--------+----------+-------------------------------------------------------------------------------------+


+-------------------------------------------------------------------------------------------------------------------------------------------------------------------------+
; Port Connectivity Checks: "datapath:u_dp|ULA:u_alu"                                                                                                                     ;
+------+--------+----------+----------------------------------------------------------------------------------------------------------------------------------------------+
; Port ; Type   ; Severity ; Details                                                                                                                                      ;
+------+--------+----------+----------------------------------------------------------------------------------------------------------------------------------------------+
; a15  ; Input  ; Info     ; Stuck at GND                                                                                                                                 ;
; a14  ; Input  ; Info     ; Stuck at GND                                                                                                                                 ;
; a13  ; Input  ; Info     ; Stuck at GND                                                                                                                                 ;
; a12  ; Input  ; Info     ; Stuck at GND                                                                                                                                 ;
; a11  ; Input  ; Info     ; Stuck at GND                                                                                                                                 ;
; a10  ; Input  ; Info     ; Stuck at GND                                                                                                                                 ;
; a9   ; Input  ; Info     ; Stuck at GND                                                                                                                                 ;
; a8   ; Input  ; Info     ; Stuck at GND                                                                                                                                 ;
; a7   ; Input  ; Info     ; Stuck at GND                                                                                                                                 ;
; a6   ; Input  ; Info     ; Stuck at GND                                                                                                                                 ;
; a5   ; Input  ; Info     ; Stuck at GND                                                                                                                                 ;
; a4   ; Input  ; Info     ; Stuck at GND                                                                                                                                 ;
; a3   ; Input  ; Info     ; Stuck at GND                                                                                                                                 ;
; a2   ; Input  ; Info     ; Stuck at GND                                                                                                                                 ;
; a1   ; Input  ; Info     ; Stuck at GND                                                                                                                                 ;
; a0   ; Input  ; Info     ; Stuck at GND                                                                                                                                 ;
; b15  ; Input  ; Info     ; Stuck at GND                                                                                                                                 ;
; b14  ; Input  ; Info     ; Stuck at GND                                                                                                                                 ;
; b13  ; Input  ; Info     ; Stuck at GND                                                                                                                                 ;
; b12  ; Input  ; Info     ; Stuck at GND                                                                                                                                 ;
; b11  ; Input  ; Info     ; Stuck at GND                                                                                                                                 ;
; b10  ; Input  ; Info     ; Stuck at GND                                                                                                                                 ;
; b9   ; Input  ; Info     ; Stuck at GND                                                                                                                                 ;
; b8   ; Input  ; Info     ; Stuck at GND                                                                                                                                 ;
; b7   ; Input  ; Info     ; Stuck at GND                                                                                                                                 ;
; b6   ; Input  ; Info     ; Stuck at GND                                                                                                                                 ;
; b5   ; Input  ; Info     ; Stuck at GND                                                                                                                                 ;
; b4   ; Input  ; Info     ; Stuck at GND                                                                                                                                 ;
; b3   ; Input  ; Info     ; Stuck at GND                                                                                                                                 ;
; b2   ; Input  ; Info     ; Stuck at GND                                                                                                                                 ;
; b1   ; Input  ; Info     ; Stuck at GND                                                                                                                                 ;
; b0   ; Input  ; Info     ; Stuck at GND                                                                                                                                 ;
; s15  ; Output ; Info     ; Connected to dangling logic. Logic that only feeds a dangling port will be removed.                                                          ;
; s14  ; Output ; Info     ; Connected to dangling logic. Logic that only feeds a dangling port will be removed.                                                          ;
; s13  ; Output ; Info     ; Connected to dangling logic. Logic that only feeds a dangling port will be removed.                                                          ;
; s12  ; Output ; Info     ; Connected to dangling logic. Logic that only feeds a dangling port will be removed.                                                          ;
; s11  ; Output ; Info     ; Connected to dangling logic. Logic that only feeds a dangling port will be removed.                                                          ;
; s10  ; Output ; Info     ; Connected to dangling logic. Logic that only feeds a dangling port will be removed.                                                          ;
; s9   ; Output ; Info     ; Connected to dangling logic. Logic that only feeds a dangling port will be removed.                                                          ;
; s8   ; Output ; Info     ; Connected to dangling logic. Logic that only feeds a dangling port will be removed.                                                          ;
; s7   ; Output ; Info     ; Connected to dangling logic. Logic that only feeds a dangling port will be removed.                                                          ;
; s6   ; Output ; Info     ; Connected to dangling logic. Logic that only feeds a dangling port will be removed.                                                          ;
; s5   ; Output ; Info     ; Connected to dangling logic. Logic that only feeds a dangling port will be removed.                                                          ;
; s4   ; Output ; Info     ; Connected to dangling logic. Logic that only feeds a dangling port will be removed.                                                          ;
; s3   ; Output ; Info     ; Connected to dangling logic. Logic that only feeds a dangling port will be removed.                                                          ;
; s2   ; Output ; Info     ; Connected to dangling logic. Logic that only feeds a dangling port will be removed.                                                          ;
; s1   ; Output ; Info     ; Connected to dangling logic. Logic that only feeds a dangling port will be removed.                                                          ;
; s0   ; Output ; Info     ; Connected to dangling logic. Logic that only feeds a dangling port will be removed.                                                          ;
; w    ; Input  ; Warning  ; Declared by entity but not connected by instance. If a default value exists, it will be used.  Otherwise, the port will be connected to GND. ;
; cout ; Output ; Warning  ; Declared by entity but not connected by instance. Logic that only feeds a dangling port will be removed.                                     ;
+------+--------+----------+----------------------------------------------------------------------------------------------------------------------------------------------+


+-----------------------------------------------------------------------------------------------------------------------------------------------------------------------------------------+
; Port Connectivity Checks: "datapath:u_dp"                                                                                                                                               ;
+-------------+---------+------------------+----------------------------------------------------------------------------------------------------------------------------------------------+
; Port        ; Type    ; Severity         ; Details                                                                                                                                      ;
+-------------+---------+------------------+----------------------------------------------------------------------------------------------------------------------------------------------+
; pc_ld       ; Input   ; Info             ; Stuck at GND                                                                                                                                 ;
; alu_x       ; Unknown ; Critical Warning ; Named port was not declared by the instantiated entity                                                                                       ;
; alu_y       ; Unknown ; Critical Warning ; Named port was not declared by the instantiated entity                                                                                       ;
; alu_z       ; Unknown ; Critical Warning ; Named port was not declared by the instantiated entity                                                                                       ;
; instr_out11 ; Output  ; Info             ; Connected to dangling logic. Logic that only feeds a dangling port will be removed.                                                          ;
; instr_out10 ; Output  ; Info             ; Connected to dangling logic. Logic that only feeds a dangling port will be removed.                                                          ;
; instr_out9  ; Output  ; Info             ; Connected to dangling logic. Logic that only feeds a dangling port will be removed.                                                          ;
; instr_out8  ; Output  ; Info             ; Connected to dangling logic. Logic that only feeds a dangling port will be removed.                                                          ;
; instr_out7  ; Output  ; Info             ; Connected to dangling logic. Logic that only feeds a dangling port will be removed.                                                          ;
; instr_out6  ; Output  ; Info             ; Connected to dangling logic. Logic that only feeds a dangling port will be removed.                                                          ;
; instr_out5  ; Output  ; Info             ; Connected to dangling logic. Logic that only feeds a dangling port will be removed.                                                          ;
; instr_out4  ; Output  ; Info             ; Connected to dangling logic. Logic that only feeds a dangling port will be removed.                                                          ;
; instr_out3  ; Output  ; Info             ; Connected to dangling logic. Logic that only feeds a dangling port will be removed.                                                          ;
; instr_out2  ; Output  ; Info             ; Connected to dangling logic. Logic that only feeds a dangling port will be removed.                                                          ;
; instr_out1  ; Output  ; Info             ; Connected to dangling logic. Logic that only feeds a dangling port will be removed.                                                          ;
; instr_out0  ; Output  ; Info             ; Connected to dangling logic. Logic that only feeds a dangling port will be removed.                                                          ;
; ulax        ; Input   ; Warning          ; Declared by entity but not connected by instance. If a default value exists, it will be used.  Otherwise, the port will be connected to GND. ;
; ulay        ; Input   ; Warning          ; Declared by entity but not connected by instance. If a default value exists, it will be used.  Otherwise, the port will be connected to GND. ;
; ulaz        ; Input   ; Warning          ; Declared by entity but not connected by instance. If a default value exists, it will be used.  Otherwise, the port will be connected to GND. ;
+-------------+---------+------------------+----------------------------------------------------------------------------------------------------------------------------------------------+


+-------------------------------+
; Analysis & Synthesis Messages ;
+-------------------------------+
Info: *******************************************************************
Info: Running Quartus II 64-Bit Analysis & Synthesis
    Info: Version 13.0.1 Build 232 06/12/2013 Service Pack 1 SJ Web Edition
    Info: Processing started: Wed Jun 17 19:13:03 2026
Info: Command: quartus_map --read_settings_files=on --write_settings_files=off Processador -c Processador
Warning (20028): Parallel compilation is not licensed and has been disabled
Info (12021): Found 2 design units, including 1 entities, in source file processador.vhd
    Info (12022): Found design unit 1: Processador-structural
    Info (12023): Found entity 1: Processador
Info (12021): Found 2 design units, including 1 entities, in source file mux2x1.vhd
    Info (12022): Found design unit 1: Mux2x1-behav
    Info (12023): Found entity 1: Mux2x1
Info (12021): Found 2 design units, including 1 entities, in source file flipflopd.vhd
    Info (12022): Found design unit 1: FlipFlopD-behav
    Info (12023): Found entity 1: FlipFlopD
Info (12021): Found 2 design units, including 1 entities, in source file reg16bits.vhd
    Info (12022): Found design unit 1: Reg16Bits-behav
    Info (12023): Found entity 1: Reg16Bits
Info (12021): Found 2 design units, including 1 entities, in source file shifter16bits.vhd
    Info (12022): Found design unit 1: Shifter16Bits-behav
    Info (12023): Found entity 1: Shifter16Bits
Info (12021): Found 2 design units, including 1 entities, in source file comparador.vhd
    Info (12022): Found design unit 1: Comparador-behav
    Info (12023): Found entity 1: Comparador
Info (12021): Found 2 design units, including 1 entities, in source file comparador16bits.vhd
    Info (12022): Found design unit 1: Comparador16Bits-behav
    Info (12023): Found entity 1: Comparador16Bits
Info (12021): Found 2 design units, including 1 entities, in source file ula.vhd
    Info (12022): Found design unit 1: ULA-behav
    Info (12023): Found entity 1: ULA
Info (12021): Found 2 design units, including 1 entities, in source file datapath.vhd
    Info (12022): Found design unit 1: datapath-structural
    Info (12023): Found entity 1: datapath
Warning (12019): Can't analyze file -- file ctrl_unit.vhd is missing
Info (12127): Elaborating entity "Processador" for the top level hierarchy
Warning (10036): Verilog HDL or VHDL warning at Processador.vhd(57): object "ir_out11" assigned a value but never read
Warning (10036): Verilog HDL or VHDL warning at Processador.vhd(57): object "ir_out10" assigned a value but never read
Warning (10036): Verilog HDL or VHDL warning at Processador.vhd(57): object "ir_out9" assigned a value but never read
Warning (10036): Verilog HDL or VHDL warning at Processador.vhd(57): object "ir_out8" assigned a value but never read
Warning (10036): Verilog HDL or VHDL warning at Processador.vhd(58): object "ir_out7" assigned a value but never read
Warning (10036): Verilog HDL or VHDL warning at Processador.vhd(58): object "ir_out6" assigned a value but never read
Warning (10036): Verilog HDL or VHDL warning at Processador.vhd(58): object "ir_out5" assigned a value but never read
Warning (10036): Verilog HDL or VHDL warning at Processador.vhd(58): object "ir_out4" assigned a value but never read
Warning (10036): Verilog HDL or VHDL warning at Processador.vhd(58): object "ir_out3" assigned a value but never read
Warning (10036): Verilog HDL or VHDL warning at Processador.vhd(58): object "ir_out2" assigned a value but never read
Warning (10036): Verilog HDL or VHDL warning at Processador.vhd(58): object "ir_out1" assigned a value but never read
Warning (10036): Verilog HDL or VHDL warning at Processador.vhd(58): object "ir_out0" assigned a value but never read
Info (12128): Elaborating entity "datapath" for hierarchy "datapath:u_dp"
Warning (10541): VHDL Signal Declaration warning at datapath.vhd(20): used implicit default value for signal "pc_out7" because signal was never assigned a value or an explicit default value. Use of implicit default value may introduce unintended design optimizations.
Warning (10541): VHDL Signal Declaration warning at datapath.vhd(20): used implicit default value for signal "pc_out6" because signal was never assigned a value or an explicit default value. Use of implicit default value may introduce unintended design optimizations.
Warning (10541): VHDL Signal Declaration warning at datapath.vhd(20): used implicit default value for signal "pc_out5" because signal was never assigned a value or an explicit default value. Use of implicit default value may introduce unintended design optimizations.
Warning (10541): VHDL Signal Declaration warning at datapath.vhd(20): used implicit default value for signal "pc_out4" because signal was never assigned a value or an explicit default value. Use of implicit default value may introduce unintended design optimizations.
Warning (10541): VHDL Signal Declaration warning at datapath.vhd(20): used implicit default value for signal "pc_out3" because signal was never assigned a value or an explicit default value. Use of implicit default value may introduce unintended design optimizations.
Warning (10541): VHDL Signal Declaration warning at datapath.vhd(20): used implicit default value for signal "pc_out2" because signal was never assigned a value or an explicit default value. Use of implicit default value may introduce unintended design optimizations.
Warning (10541): VHDL Signal Declaration warning at datapath.vhd(20): used implicit default value for signal "pc_out1" because signal was never assigned a value or an explicit default value. Use of implicit default value may introduce unintended design optimizations.
Warning (10541): VHDL Signal Declaration warning at datapath.vhd(20): used implicit default value for signal "pc_out0" because signal was never assigned a value or an explicit default value. Use of implicit default value may introduce unintended design optimizations.
Warning (10036): Verilog HDL or VHDL warning at datapath.vhd(37): object "rf_rd3" assigned a value but never read
Warning (10036): Verilog HDL or VHDL warning at datapath.vhd(37): object "rf_rd2" assigned a value but never read
Warning (10036): Verilog HDL or VHDL warning at datapath.vhd(37): object "rf_rd1" assigned a value but never read
Warning (10036): Verilog HDL or VHDL warning at datapath.vhd(37): object "rf_rd0" assigned a value but never read
Warning (10036): Verilog HDL or VHDL warning at datapath.vhd(38): object "rf_ra3" assigned a value but never read
Warning (10036): Verilog HDL or VHDL warning at datapath.vhd(38): object "rf_ra2" assigned a value but never read
Warning (10036): Verilog HDL or VHDL warning at datapath.vhd(38): object "rf_ra1" assigned a value but never read
Warning (10036): Verilog HDL or VHDL warning at datapath.vhd(38): object "rf_ra0" assigned a value but never read
Warning (10036): Verilog HDL or VHDL warning at datapath.vhd(39): object "rf_rb3" assigned a value but never read
Warning (10036): Verilog HDL or VHDL warning at datapath.vhd(39): object "rf_rb2" assigned a value but never read
Warning (10036): Verilog HDL or VHDL warning at datapath.vhd(39): object "rf_rb1" assigned a value but never read
Warning (10036): Verilog HDL or VHDL warning at datapath.vhd(39): object "rf_rb0" assigned a value but never read
Warning (10541): VHDL Signal Declaration warning at datapath.vhd(41): used implicit default value for signal "rf_rdata_a15" because signal was never assigned a value or an explicit default value. Use of implicit default value may introduce unintended design optimizations.
Warning (10541): VHDL Signal Declaration warning at datapath.vhd(41): used implicit default value for signal "rf_rdata_a14" because signal was never assigned a value or an explicit default value. Use of implicit default value may introduce unintended design optimizations.
Warning (10541): VHDL Signal Declaration warning at datapath.vhd(41): used implicit default value for signal "rf_rdata_a13" because signal was never assigned a value or an explicit default value. Use of implicit default value may introduce unintended design optimizations.
Warning (10541): VHDL Signal Declaration warning at datapath.vhd(41): used implicit default value for signal "rf_rdata_a12" because signal was never assigned a value or an explicit default value. Use of implicit default value may introduce unintended design optimizations.
Warning (10541): VHDL Signal Declaration warning at datapath.vhd(41): used implicit default value for signal "rf_rdata_a11" because signal was never assigned a value or an explicit default value. Use of implicit default value may introduce unintended design optimizations.
Warning (10541): VHDL Signal Declaration warning at datapath.vhd(41): used implicit default value for signal "rf_rdata_a10" because signal was never assigned a value or an explicit default value. Use of implicit default value may introduce unintended design optimizations.
Warning (10541): VHDL Signal Declaration warning at datapath.vhd(41): used implicit default value for signal "rf_rdata_a9" because signal was never assigned a value or an explicit default value. Use of implicit default value may introduce unintended design optimizations.
Warning (10541): VHDL Signal Declaration warning at datapath.vhd(41): used implicit default value for signal "rf_rdata_a8" because signal was never assigned a value or an explicit default value. Use of implicit default value may introduce unintended design optimizations.
Warning (10541): VHDL Signal Declaration warning at datapath.vhd(41): used implicit default value for signal "rf_rdata_a7" because signal was never assigned a value or an explicit default value. Use of implicit default value may introduce unintended design optimizations.
Warning (10541): VHDL Signal Declaration warning at datapath.vhd(41): used implicit default value for signal "rf_rdata_a6" because signal was never assigned a value or an explicit default value. Use of implicit default value may introduce unintended design optimizations.
Warning (10541): VHDL Signal Declaration warning at datapath.vhd(41): used implicit default value for signal "rf_rdata_a5" because signal was never assigned a value or an explicit default value. Use of implicit default value may introduce unintended design optimizations.
Warning (10541): VHDL Signal Declaration warning at datapath.vhd(41): used implicit default value for signal "rf_rdata_a4" because signal was never assigned a value or an explicit default value. Use of implicit default value may introduce unintended design optimizations.
Warning (10541): VHDL Signal Declaration warning at datapath.vhd(41): used implicit default value for signal "rf_rdata_a3" because signal was never assigned a value or an explicit default value. Use of implicit default value may introduce unintended design optimizations.
Warning (10541): VHDL Signal Declaration warning at datapath.vhd(41): used implicit default value for signal "rf_rdata_a2" because signal was never assigned a value or an explicit default value. Use of implicit default value may introduce unintended design optimizations.
Warning (10541): VHDL Signal Declaration warning at datapath.vhd(41): used implicit default value for signal "rf_rdata_a1" because signal was never assigned a value or an explicit default value. Use of implicit default value may introduce unintended design optimizations.
Warning (10541): VHDL Signal Declaration warning at datapath.vhd(41): used implicit default value for signal "rf_rdata_a0" because signal was never assigned a value or an explicit default value. Use of implicit default value may introduce unintended design optimizations.
Warning (10541): VHDL Signal Declaration warning at datapath.vhd(44): used implicit default value for signal "rf_rdata_b15" because signal was never assigned a value or an explicit default value. Use of implicit default value may introduce unintended design optimizations.
Warning (10541): VHDL Signal Declaration warning at datapath.vhd(44): used implicit default value for signal "rf_rdata_b14" because signal was never assigned a value or an explicit default value. Use of implicit default value may introduce unintended design optimizations.
Warning (10541): VHDL Signal Declaration warning at datapath.vhd(44): used implicit default value for signal "rf_rdata_b13" because signal was never assigned a value or an explicit default value. Use of implicit default value may introduce unintended design optimizations.
Warning (10541): VHDL Signal Declaration warning at datapath.vhd(44): used implicit default value for signal "rf_rdata_b12" because signal was never assigned a value or an explicit default value. Use of implicit default value may introduce unintended design optimizations.
Warning (10541): VHDL Signal Declaration warning at datapath.vhd(44): used implicit default value for signal "rf_rdata_b11" because signal was never assigned a value or an explicit default value. Use of implicit default value may introduce unintended design optimizations.
Warning (10541): VHDL Signal Declaration warning at datapath.vhd(44): used implicit default value for signal "rf_rdata_b10" because signal was never assigned a value or an explicit default value. Use of implicit default value may introduce unintended design optimizations.
Warning (10541): VHDL Signal Declaration warning at datapath.vhd(44): used implicit default value for signal "rf_rdata_b9" because signal was never assigned a value or an explicit default value. Use of implicit default value may introduce unintended design optimizations.
Warning (10541): VHDL Signal Declaration warning at datapath.vhd(44): used implicit default value for signal "rf_rdata_b8" because signal was never assigned a value or an explicit default value. Use of implicit default value may introduce unintended design optimizations.
Warning (10541): VHDL Signal Declaration warning at datapath.vhd(44): used implicit default value for signal "rf_rdata_b7" because signal was never assigned a value or an explicit default value. Use of implicit default value may introduce unintended design optimizations.
Warning (10541): VHDL Signal Declaration warning at datapath.vhd(44): used implicit default value for signal "rf_rdata_b6" because signal was never assigned a value or an explicit default value. Use of implicit default value may introduce unintended design optimizations.
Warning (10541): VHDL Signal Declaration warning at datapath.vhd(44): used implicit default value for signal "rf_rdata_b5" because signal was never assigned a value or an explicit default value. Use of implicit default value may introduce unintended design optimizations.
Warning (10541): VHDL Signal Declaration warning at datapath.vhd(44): used implicit default value for signal "rf_rdata_b4" because signal was never assigned a value or an explicit default value. Use of implicit default value may introduce unintended design optimizations.
Warning (10541): VHDL Signal Declaration warning at datapath.vhd(44): used implicit default value for signal "rf_rdata_b3" because signal was never assigned a value or an explicit default value. Use of implicit default value may introduce unintended design optimizations.
Warning (10541): VHDL Signal Declaration warning at datapath.vhd(44): used implicit default value for signal "rf_rdata_b2" because signal was never assigned a value or an explicit default value. Use of implicit default value may introduce unintended design optimizations.
Warning (10541): VHDL Signal Declaration warning at datapath.vhd(44): used implicit default value for signal "rf_rdata_b1" because signal was never assigned a value or an explicit default value. Use of implicit default value may introduce unintended design optimizations.
Warning (10541): VHDL Signal Declaration warning at datapath.vhd(44): used implicit default value for signal "rf_rdata_b0" because signal was never assigned a value or an explicit default value. Use of implicit default value may introduce unintended design optimizations.
Warning (10036): Verilog HDL or VHDL warning at datapath.vhd(47): object "alu_s15" assigned a value but never read
Warning (10036): Verilog HDL or VHDL warning at datapath.vhd(47): object "alu_s14" assigned a value but never read
Warning (10036): Verilog HDL or VHDL warning at datapath.vhd(47): object "alu_s13" assigned a value but never read
Warning (10036): Verilog HDL or VHDL warning at datapath.vhd(47): object "alu_s12" assigned a value but never read
Warning (10036): Verilog HDL or VHDL warning at datapath.vhd(47): object "alu_s11" assigned a value but never read
Warning (10036): Verilog HDL or VHDL warning at datapath.vhd(47): object "alu_s10" assigned a value but never read
Warning (10036): Verilog HDL or VHDL warning at datapath.vhd(47): object "alu_s9" assigned a value but never read
Warning (10036): Verilog HDL or VHDL warning at datapath.vhd(47): object "alu_s8" assigned a value but never read
Warning (10036): Verilog HDL or VHDL warning at datapath.vhd(48): object "alu_s7" assigned a value but never read
Warning (10036): Verilog HDL or VHDL warning at datapath.vhd(48): object "alu_s6" assigned a value but never read
Warning (10036): Verilog HDL or VHDL warning at datapath.vhd(48): object "alu_s5" assigned a value but never read
Warning (10036): Verilog HDL or VHDL warning at datapath.vhd(48): object "alu_s4" assigned a value but never read
Warning (10036): Verilog HDL or VHDL warning at datapath.vhd(48): object "alu_s3" assigned a value but never read
Warning (10036): Verilog HDL or VHDL warning at datapath.vhd(48): object "alu_s2" assigned a value but never read
Warning (10036): Verilog HDL or VHDL warning at datapath.vhd(48): object "alu_s1" assigned a value but never read
Warning (10036): Verilog HDL or VHDL warning at datapath.vhd(48): object "alu_s0" assigned a value but never read
Warning (10036): Verilog HDL or VHDL warning at datapath.vhd(50): object "cmp_gt" assigned a value but never read
Warning (10036): Verilog HDL or VHDL warning at datapath.vhd(50): object "cmp_eq" assigned a value but never read
Warning (10036): Verilog HDL or VHDL warning at datapath.vhd(50): object "cmp_lt" assigned a value but never read
Info (12128): Elaborating entity "Reg16Bits" for hierarchy "datapath:u_dp|Reg16Bits:u_ir"
Info (12128): Elaborating entity "Mux2x1" for hierarchy "datapath:u_dp|Reg16Bits:u_ir|Mux2x1:mu0"
Info (12128): Elaborating entity "FlipFlopD" for hierarchy "datapath:u_dp|Reg16Bits:u_ir|FlipFlopD:ff0"
Info (12128): Elaborating entity "ULA" for hierarchy "datapath:u_dp|ULA:u_alu"
Warning (12125): Using design file ela.vhd, which is not specified as a design file for the current project, but contains definitions for 2 design units and 1 entities in project
    Info (12022): Found design unit 1: ELA-rtl
    Info (12023): Found entity 1: ELA
Info (12128): Elaborating entity "ELA" for hierarchy "datapath:u_dp|ULA:u_alu|ELA:u_signal"
Warning (12125): Using design file adder16bit.vhd, which is not specified as a design file for the current project, but contains definitions for 2 design units and 1 entities in project
    Info (12022): Found design unit 1: Adder16Bit-comportamento
    Info (12023): Found entity 1: Adder16Bit
Info (12128): Elaborating entity "Adder16Bit" for hierarchy "datapath:u_dp|ULA:u_alu|Adder16Bit:u_add"
Warning (10541): VHDL Signal Declaration warning at adder16bit.vhd(9): used implicit default value for signal "S15" because signal was never assigned a value or an explicit default value. Use of implicit default value may introduce unintended design optimizations.
Warning (10541): VHDL Signal Declaration warning at adder16bit.vhd(9): used implicit default value for signal "S14" because signal was never assigned a value or an explicit default value. Use of implicit default value may introduce unintended design optimizations.
Warning (10541): VHDL Signal Declaration warning at adder16bit.vhd(9): used implicit default value for signal "S13" because signal was never assigned a value or an explicit default value. Use of implicit default value may introduce unintended design optimizations.
Warning (10541): VHDL Signal Declaration warning at adder16bit.vhd(9): used implicit default value for signal "S12" because signal was never assigned a value or an explicit default value. Use of implicit default value may introduce unintended design optimizations.
Warning (10541): VHDL Signal Declaration warning at adder16bit.vhd(9): used implicit default value for signal "S11" because signal was never assigned a value or an explicit default value. Use of implicit default value may introduce unintended design optimizations.
Warning (10541): VHDL Signal Declaration warning at adder16bit.vhd(9): used implicit default value for signal "S10" because signal was never assigned a value or an explicit default value. Use of implicit default value may introduce unintended design optimizations.
Warning (10541): VHDL Signal Declaration warning at adder16bit.vhd(9): used implicit default value for signal "S9" because signal was never assigned a value or an explicit default value. Use of implicit default value may introduce unintended design optimizations.
Warning (10541): VHDL Signal Declaration warning at adder16bit.vhd(9): used implicit default value for signal "S8" because signal was never assigned a value or an explicit default value. Use of implicit default value may introduce unintended design optimizations.
Warning (10541): VHDL Signal Declaration warning at adder16bit.vhd(10): used implicit default value for signal "Cout" because signal was never assigned a value or an explicit default value. Use of implicit default value may introduce unintended design optimizations.
Warning (10036): Verilog HDL or VHDL warning at adder16bit.vhd(24): object "C8" assigned a value but never read
Warning (12125): Using design file fulladder.vhd, which is not specified as a design file for the current project, but contains definitions for 2 design units and 1 entities in project
    Info (12022): Found design unit 1: FullAdder-behav
    Info (12023): Found entity 1: FullAdder
Info (12128): Elaborating entity "FullAdder" for hierarchy "datapath:u_dp|ULA:u_alu|Adder16Bit:u_add|FullAdder:U0"
Info (12128): Elaborating entity "Comparador16Bits" for hierarchy "datapath:u_dp|Comparador16Bits:u_cmp"
Info (12128): Elaborating entity "Comparador" for hierarchy "datapath:u_dp|Comparador16Bits:u_cmp|Comparador:st15"
Warning (12125): Using design file controlunit.vhd, which is not specified as a design file for the current project, but contains definitions for 2 design units and 1 entities in project
    Info (12022): Found design unit 1: ControlUnit-behav
    Info (12023): Found entity 1: ControlUnit
Info (12128): Elaborating entity "ControlUnit" for hierarchy "ControlUnit:u_ctrl"
Warning (10541): VHDL Signal Declaration warning at controlunit.vhd(15): used implicit default value for signal "n2" because signal was never assigned a value or an explicit default value. Use of implicit default value may introduce unintended design optimizations.
Warning (10541): VHDL Signal Declaration warning at controlunit.vhd(15): used implicit default value for signal "n1" because signal was never assigned a value or an explicit default value. Use of implicit default value may introduce unintended design optimizations.
Warning (10541): VHDL Signal Declaration warning at controlunit.vhd(15): used implicit default value for signal "n0" because signal was never assigned a value or an explicit default value. Use of implicit default value may introduce unintended design optimizations.
Error (12002): Port "alu_x" does not exist in macrofunction "u_ctrl" File: D:/SD/RTL/Processador.vhd Line: 82
Error (12002): Port "alu_y" does not exist in macrofunction "u_ctrl" File: D:/SD/RTL/Processador.vhd Line: 82
Error (12002): Port "alu_z" does not exist in macrofunction "u_ctrl" File: D:/SD/RTL/Processador.vhd Line: 82
Error (12002): Port "alu_x" does not exist in macrofunction "u_dp" File: D:/SD/RTL/Processador.vhd Line: 61
Error (12002): Port "alu_y" does not exist in macrofunction "u_dp" File: D:/SD/RTL/Processador.vhd Line: 61
Error (12002): Port "alu_z" does not exist in macrofunction "u_dp" File: D:/SD/RTL/Processador.vhd Line: 61
Warning (12241): 3 hierarchies have connectivity warnings - see the Connectivity Checks report folder
Error: Quartus II 64-Bit Analysis & Synthesis was unsuccessful. 6 errors, 103 warnings
    Error: Peak virtual memory: 4629 megabytes
    Error: Processing ended: Wed Jun 17 19:13:05 2026
    Error: Elapsed time: 00:00:02
    Error: Total CPU time (on all processors): 00:00:01


